Start testing: Feb 12 17:21 UTC
----------------------------------------------------------
57/73 Testing: py:vectypes
57/73 Test: py:vectypes
Command: "/workspace/build-debug/bin/phlex" "-c" "/workspace/test/python/pyvectypes.jsonnet"
Directory: /workspace/build-debug/test/python
"py:vectypes" start time: Feb 12 17:21 UTC
Output:
----------------------------------------------------------
Using configuration file: /workspace/test/python/pyvectypes.jsonnet
[2026-02-12 17:21:20.818] [info] Number of worker threads: 4
[2026-02-12 17:21:20.923] [debug] Created provider node cppdriver:provide_i making output i ϵ job
[2026-02-12 17:21:20.923] [debug] Created provider node cppdriver:provide_j making output j ϵ job
[2026-02-12 17:21:20.923] [debug] Created provider node cppdriver:provide_k making output k ϵ job
[2026-02-12 17:21:20.923] [debug] Created provider node cppdriver:provide_f1 making output f1 ϵ job
[2026-02-12 17:21:20.923] [debug] Created provider node cppdriver:provide_f2 making output f2 ϵ job
[2026-02-12 17:21:20.924] [debug] Created provider node cppdriver:provide_d1 making output d1 ϵ job
[2026-02-12 17:21:20.924] [debug] Created provider node cppdriver:provide_d2 making output d2 ϵ job
[2026-02-12 17:21:20.924] [debug] Created provider node cppdriver:provide_u1 making output u1 ϵ job
[2026-02-12 17:21:20.924] [debug] Created provider node cppdriver:provide_u2 making output u2 ϵ job
[2026-02-12 17:21:20.924] [debug] Created provider node cppdriver:provide_l1 making output l1 ϵ job
[2026-02-12 17:21:20.924] [debug] Created provider node cppdriver:provide_l2 making output l2 ϵ job
[2026-02-12 17:21:20.924] [debug] Created provider node cppdriver:provide_ul1 making output ul1 ϵ job
[2026-02-12 17:21:20.924] [debug] Created provider node cppdriver:provide_ul2 making output ul2 ϵ job
[2026-02-12 17:21:20.924] [debug] Created provider node cppdriver:provide_b1 making output b1 ϵ job
[2026-02-12 17:21:20.924] [debug] Created provider node cppdriver:provide_b2 making output b2 ϵ job
[2026-02-12 17:21:20.925] [debug] Matched verifier_double_sum_float64py (verifier_double_sum_float64py ϵ job) from verify_double:pydouble_sum_float64_verifier_double and types match. Keeping in candidate list.
[2026-02-12 17:21:20.925] [debug] Matched verifier_float_sum_float32py (verifier_float_sum_float32py ϵ job) from verify_float32:pyfloat_sum_float32_verifier_float and types match. Keeping in candidate list.
[2026-02-12 17:21:20.925] [debug] Matched verifier_int_sum_int32py (verifier_int_sum_int32py ϵ job) from verify_int32:pyint_sum_int32_verifier_int and types match. Keeping in candidate list.
[2026-02-12 17:21:20.925] [debug] Matched verifier_long_sum_int64py (verifier_long_sum_int64py ϵ job) from verify_int64:pylong_sum_int64_verifier_long and types match. Keeping in candidate list.
[2026-02-12 17:21:20.925] [debug] Matched verifier_uint_sum_uint32py (verifier_uint_sum_uint32py ϵ job) from verify_uint32:pyuint_sum_uint32_verifier_uint and types match. Keeping in candidate list.
[2026-02-12 17:21:20.925] [debug] Matched verifier_ulong_sum_uint64py (verifier_ulong_sum_uint64py ϵ job) from verify_uint64:pyulong_sum_uint64_verifier_ulong and types match. Keeping in candidate list.
[2026-02-12 17:21:20.925] [debug] Matched collectify_float32_f1py (collectify_float32_f1py ϵ job) from vectypes:pyfloat_f1_collectify_float32 and types match. Keeping in candidate list.
[2026-02-12 17:21:20.925] [debug] Matched collectify_float32_f2py (collectify_float32_f2py ϵ job) from vectypes:pyfloat_f2_collectify_float32 and types match. Keeping in candidate list.
[2026-02-12 17:21:20.925] [debug] Matched collectify_float64_d1py (collectify_float64_d1py ϵ job) from vectypes:pydouble_d1_collectify_float64 and types match. Keeping in candidate list.
[2026-02-12 17:21:20.925] [debug] Matched collectify_float64_d2py (collectify_float64_d2py ϵ job) from vectypes:pydouble_d2_collectify_float64 and types match. Keeping in candidate list.
[2026-02-12 17:21:20.925] [debug] Matched collectify_int32_ipy (collectify_int32_ipy ϵ job) from vectypes:pyint_i_collectify_int32 and types match. Keeping in candidate list.
[2026-02-12 17:21:20.925] [debug] Matched collectify_int32_jpy (collectify_int32_jpy ϵ job) from vectypes:pyint_j_collectify_int32 and types match. Keeping in candidate list.
[2026-02-12 17:21:20.925] [debug] Matched collectify_int64_l1py (collectify_int64_l1py ϵ job) from vectypes:pylong_l1_collectify_int64 and types match. Keeping in candidate list.
[2026-02-12 17:21:20.925] [debug] Matched collectify_int64_l2py (collectify_int64_l2py ϵ job) from vectypes:pylong_l2_collectify_int64 and types match. Keeping in candidate list.
[2026-02-12 17:21:20.925] [debug] Matched collectify_uint32_u1py (collectify_uint32_u1py ϵ job) from vectypes:pyuint_u1_collectify_uint32 and types match. Keeping in candidate list.
[2026-02-12 17:21:20.925] [debug] Matched collectify_uint32_u2py (collectify_uint32_u2py ϵ job) from vectypes:pyuint_u2_collectify_uint32 and types match. Keeping in candidate list.
[2026-02-12 17:21:20.925] [debug] Matched collectify_uint64_ul1py (collectify_uint64_ul1py ϵ job) from vectypes:pyulong_ul1_collectify_uint64 and types match. Keeping in candidate list.
[2026-02-12 17:21:20.925] [debug] Matched collectify_uint64_ul2py (collectify_uint64_ul2py ϵ job) from vectypes:pyulong_ul2_collectify_uint64 and types match. Keeping in candidate list.
[2026-02-12 17:21:20.925] [debug] Matched pysum_float64_sum_array_float64 (pysum_float64_sum_array_float64 ϵ job) from vectypes:sum_array_float64 and types match. Keeping in candidate list.
[2026-02-12 17:21:20.925] [debug] Matched pysum_float32_sum_array_float32 (pysum_float32_sum_array_float32 ϵ job) from vectypes:sum_array_float32 and types match. Keeping in candidate list.
[2026-02-12 17:21:20.925] [debug] Matched pysum_int32_sum_int32 (pysum_int32_sum_int32 ϵ job) from vectypes:sum_int32 and types match. Keeping in candidate list.
[2026-02-12 17:21:20.925] [debug] Matched pysum_int64_sum_int64 (pysum_int64_sum_int64 ϵ job) from vectypes:sum_int64 and types match. Keeping in candidate list.
[2026-02-12 17:21:20.925] [debug] Failed to find an algorithm that creates d1 products. Assuming it comes from a provider
[2026-02-12 17:21:20.925] [debug] Failed to find an algorithm that creates d2 products. Assuming it comes from a provider
[2026-02-12 17:21:20.925] [debug] Failed to find an algorithm that creates f1 products. Assuming it comes from a provider
[2026-02-12 17:21:20.925] [debug] Failed to find an algorithm that creates f2 products. Assuming it comes from a provider
[2026-02-12 17:21:20.925] [debug] Failed to find an algorithm that creates i products. Assuming it comes from a provider
[2026-02-12 17:21:20.925] [debug] Failed to find an algorithm that creates j products. Assuming it comes from a provider
[2026-02-12 17:21:20.925] [debug] Failed to find an algorithm that creates l1 products. Assuming it comes from a provider
[2026-02-12 17:21:20.925] [debug] Failed to find an algorithm that creates l2 products. Assuming it comes from a provider
[2026-02-12 17:21:20.925] [debug] Failed to find an algorithm that creates u1 products. Assuming it comes from a provider
[2026-02-12 17:21:20.925] [debug] Failed to find an algorithm that creates u2 products. Assuming it comes from a provider
[2026-02-12 17:21:20.925] [debug] Failed to find an algorithm that creates ul1 products. Assuming it comes from a provider
[2026-02-12 17:21:20.925] [debug] Failed to find an algorithm that creates ul2 products. Assuming it comes from a provider
[2026-02-12 17:21:20.925] [debug] Matched pyarr_float64_collectify_float64 (pyarr_float64_collectify_float64 ϵ job) from vectypes:collectify_float64 and types match. Keeping in candidate list.
[2026-02-12 17:21:20.925] [debug] Matched arr_float64 (arr_float64 ϵ job) from vectypes:pyvdouble_arr_float64_collectify_float64 and types match. Keeping in candidate list.
[2026-02-12 17:21:20.925] [debug] Matched pyarr_float32_collectify_float32 (pyarr_float32_collectify_float32 ϵ job) from vectypes:collectify_float32 and types match. Keeping in candidate list.
[2026-02-12 17:21:20.925] [debug] Matched arr_float32 (arr_float32 ϵ job) from vectypes:pyvfloat_arr_float32_collectify_float32 and types match. Keeping in candidate list.
[2026-02-12 17:21:20.925] [debug] Matched pyarr_int32_collectify_int32 (pyarr_int32_collectify_int32 ϵ job) from vectypes:collectify_int32 and types match. Keeping in candidate list.
[2026-02-12 17:21:20.925] [debug] Matched arr_int32 (arr_int32 ϵ job) from vectypes:pyvint_arr_int32_collectify_int32 and types match. Keeping in candidate list.
[2026-02-12 17:21:20.925] [debug] Matched pyarr_int64_collectify_int64 (pyarr_int64_collectify_int64 ϵ job) from vectypes:collectify_int64 and types match. Keeping in candidate list.
[2026-02-12 17:21:20.925] [debug] Matched arr_int64 (arr_int64 ϵ job) from vectypes:pyvlong_arr_int64_collectify_int64 and types match. Keeping in candidate list.
[2026-02-12 17:21:20.925] [debug] Matched pyarr_uint32_collectify_uint32 (pyarr_uint32_collectify_uint32 ϵ job) from vectypes:collectify_uint32 and types match. Keeping in candidate list.
[2026-02-12 17:21:20.925] [debug] Matched arr_uint32 (arr_uint32 ϵ job) from vectypes:pyvuint_arr_uint32_collectify_uint32 and types match. Keeping in candidate list.
[2026-02-12 17:21:20.925] [debug] Matched pyarr_uint64_collectify_uint64 (pyarr_uint64_collectify_uint64 ϵ job) from vectypes:collectify_uint64 and types match. Keeping in candidate list.
[2026-02-12 17:21:20.925] [debug] Matched arr_uint64 (arr_uint64 ϵ job) from vectypes:pyvulong_arr_uint64_collectify_uint64 and types match. Keeping in candidate list.
[2026-02-12 17:21:20.925] [debug] Matched sum_array_float32_arr_float32py (sum_array_float32_arr_float32py ϵ job) from vectypes:pyvfloat_arr_float32_sum_array_float32 and types match. Keeping in candidate list.
[2026-02-12 17:21:20.925] [debug] Matched sum_array_float64_arr_float64py (sum_array_float64_arr_float64py ϵ job) from vectypes:pyvdouble_arr_float64_sum_array_float64 and types match. Keeping in candidate list.
[2026-02-12 17:21:20.925] [debug] Matched sum_int32_arr_int32py (sum_int32_arr_int32py ϵ job) from vectypes:pyvint_arr_int32_sum_int32 and types match. Keeping in candidate list.
[2026-02-12 17:21:20.925] [debug] Matched sum_int64_arr_int64py (sum_int64_arr_int64py ϵ job) from vectypes:pyvlong_arr_int64_sum_int64 and types match. Keeping in candidate list.
[2026-02-12 17:21:20.925] [debug] Matched sum_uint32_arr_uint32py (sum_uint32_arr_uint32py ϵ job) from vectypes:pyvuint_arr_uint32_sum_uint32 and types match. Keeping in candidate list.
[2026-02-12 17:21:20.925] [debug] Matched sum_uint64_arr_uint64py (sum_uint64_arr_uint64py ϵ job) from vectypes:pyvulong_arr_uint64_sum_uint64 and types match. Keeping in candidate list.
[2026-02-12 17:21:20.925] [debug] Matched pysum_uint32_sum_uint32 (pysum_uint32_sum_uint32 ϵ job) from vectypes:sum_uint32 and types match. Keeping in candidate list.
[2026-02-12 17:21:20.925] [debug] Matched pysum_uint64_sum_uint64 (pysum_uint64_sum_uint64 ϵ job) from vectypes:sum_uint64 and types match. Keeping in candidate list.
[2026-02-12 17:21:20.925] [debug] Matched sum_float64 (sum_float64 ϵ job) from vectypes:doublepy_sum_float64_sum_array_float64 and types match. Keeping in candidate list.
[2026-02-12 17:21:20.925] [debug] Matched sum_float32 (sum_float32 ϵ job) from vectypes:floatpy_sum_float32_sum_array_float32 and types match. Keeping in candidate list.
[2026-02-12 17:21:20.925] [debug] Matched sum_int32 (sum_int32 ϵ job) from vectypes:intpy_sum_int32_sum_int32 and types match. Keeping in candidate list.
[2026-02-12 17:21:20.925] [debug] Matched sum_int64 (sum_int64 ϵ job) from vectypes:longpy_sum_int64_sum_int64 and types match. Keeping in candidate list.
[2026-02-12 17:21:20.925] [debug] Matched sum_uint32 (sum_uint32 ϵ job) from vectypes:uintpy_sum_uint32_sum_uint32 and types match. Keeping in candidate list.
[2026-02-12 17:21:20.925] [debug] Matched sum_uint64 (sum_uint64 ϵ job) from vectypes:ulongpy_sum_uint64_sum_uint64 and types match. Keeping in candidate list.
[2026-02-12 17:21:20.925] [debug] Connecting provider cppdriver:provide_d1 to node vectypes:pydouble_d1_collectify_float64 (product: d1 ϵ job)
[2026-02-12 17:21:20.925] [debug] Connecting provider cppdriver:provide_d2 to node vectypes:pydouble_d2_collectify_float64 (product: d2 ϵ job)
[2026-02-12 17:21:20.925] [debug] Connecting provider cppdriver:provide_f1 to node vectypes:pyfloat_f1_collectify_float32 (product: f1 ϵ job)
[2026-02-12 17:21:20.925] [debug] Connecting provider cppdriver:provide_f2 to node vectypes:pyfloat_f2_collectify_float32 (product: f2 ϵ job)
[2026-02-12 17:21:20.925] [debug] Connecting provider cppdriver:provide_i to node vectypes:pyint_i_collectify_int32 (product: i ϵ job)
[2026-02-12 17:21:20.925] [debug] Connecting provider cppdriver:provide_j to node vectypes:pyint_j_collectify_int32 (product: j ϵ job)
[2026-02-12 17:21:20.925] [debug] Connecting provider cppdriver:provide_l1 to node vectypes:pylong_l1_collectify_int64 (product: l1 ϵ job)
[2026-02-12 17:21:20.925] [debug] Connecting provider cppdriver:provide_l2 to node vectypes:pylong_l2_collectify_int64 (product: l2 ϵ job)
[2026-02-12 17:21:20.925] [debug] Connecting provider cppdriver:provide_u1 to node vectypes:pyuint_u1_collectify_uint32 (product: u1 ϵ job)
[2026-02-12 17:21:20.925] [debug] Connecting provider cppdriver:provide_u2 to node vectypes:pyuint_u2_collectify_uint32 (product: u2 ϵ job)
[2026-02-12 17:21:20.925] [debug] Connecting provider cppdriver:provide_ul1 to node vectypes:pyulong_ul1_collectify_uint64 (product: ul1 ϵ job)
[2026-02-12 17:21:20.925] [debug] Connecting provider cppdriver:provide_ul2 to node vectypes:pyulong_ul2_collectify_uint64 (product: ul2 ϵ job)
[2026-02-12 17:21:20.933] [debug] Routed 22 messages in 440 microseconds (20.000 microseconds per message)
[2026-02-12 17:21:20.933] [warning] Provider cppdriver:provide_ul2 has 1 cached stores.
[2026-02-12 17:21:20.933] [debug]  => ID: [] (hash: 0)
[2026-02-12 17:21:20.933] [warning] Provider cppdriver:provide_ul1 has 1 cached stores.
[2026-02-12 17:21:20.933] [debug]  => ID: [] (hash: 0)
[2026-02-12 17:21:20.933] [warning] Provider cppdriver:provide_u2 has 1 cached stores.
[2026-02-12 17:21:20.933] [debug]  => ID: [] (hash: 0)
[2026-02-12 17:21:20.933] [warning] Provider cppdriver:provide_u1 has 1 cached stores.
[2026-02-12 17:21:20.933] [debug]  => ID: [] (hash: 0)
[2026-02-12 17:21:20.933] [warning] Provider cppdriver:provide_l2 has 1 cached stores.
[2026-02-12 17:21:20.933] [debug]  => ID: [] (hash: 0)
[2026-02-12 17:21:20.933] [warning] Provider cppdriver:provide_l1 has 1 cached stores.
[2026-02-12 17:21:20.933] [debug]  => ID: [] (hash: 0)
[2026-02-12 17:21:20.933] [warning] Provider cppdriver:provide_j has 1 cached stores.
[2026-02-12 17:21:20.933] [debug]  => ID: [] (hash: 0)
[2026-02-12 17:21:20.933] [warning] Provider cppdriver:provide_i has 1 cached stores.
[2026-02-12 17:21:20.933] [debug]  => ID: [] (hash: 0)
[2026-02-12 17:21:20.933] [warning] Provider cppdriver:provide_f2 has 1 cached stores.
[2026-02-12 17:21:20.933] [debug]  => ID: [] (hash: 0)
[2026-02-12 17:21:20.933] [warning] Provider cppdriver:provide_f1 has 1 cached stores.
[2026-02-12 17:21:20.933] [debug]  => ID: [] (hash: 0)
[2026-02-12 17:21:20.933] [warning] Provider cppdriver:provide_d2 has 1 cached stores.
[2026-02-12 17:21:20.933] [debug]  => ID: [] (hash: 0)
[2026-02-12 17:21:20.933] [warning] Provider cppdriver:provide_d1 has 1 cached stores.
[2026-02-12 17:21:20.933] [debug]  => ID: [] (hash: 0)
[2026-02-12 17:21:20.933] [warning] Transform verify_uint64:pyulong_sum_uint64_verifier_ulong has 1 cached stores.
[2026-02-12 17:21:20.933] [debug]  => ID: [] (hash: 0)
[2026-02-12 17:21:20.934] [warning] Transform verify_uint32:pyuint_sum_uint32_verifier_uint has 1 cached stores.
[2026-02-12 17:21:20.934] [debug]  => ID: [] (hash: 0)
[2026-02-12 17:21:20.934] [warning] Transform verify_int64:pylong_sum_int64_verifier_long has 1 cached stores.
[2026-02-12 17:21:20.934] [debug]  => ID: [] (hash: 0)
[2026-02-12 17:21:20.934] [warning] Transform verify_int32:pyint_sum_int32_verifier_int has 1 cached stores.
[2026-02-12 17:21:20.934] [debug]  => ID: [] (hash: 0)
[2026-02-12 17:21:20.934] [warning] Transform verify_float32:pyfloat_sum_float32_verifier_float has 1 cached stores.
[2026-02-12 17:21:20.934] [debug]  => ID: [] (hash: 0)
[2026-02-12 17:21:20.934] [warning] Transform verify_double:pydouble_sum_float64_verifier_double has 1 cached stores.
[2026-02-12 17:21:20.934] [debug]  => ID: [] (hash: 0)
[2026-02-12 17:21:20.934] [warning] Transform vectypes:ulongpy_sum_uint64_sum_uint64 has 1 cached stores.
[2026-02-12 17:21:20.934] [debug]  => ID: [] (hash: 0)
[2026-02-12 17:21:20.934] [warning] Transform vectypes:uintpy_sum_uint32_sum_uint32 has 1 cached stores.
[2026-02-12 17:21:20.934] [debug]  => ID: [] (hash: 0)
[2026-02-12 17:21:20.934] [warning] Transform vectypes:sum_uint64 has 1 cached stores.
[2026-02-12 17:21:20.934] [debug]  => ID: [] (hash: 0)
[2026-02-12 17:21:20.934] [warning] Transform vectypes:sum_uint32 has 1 cached stores.
[2026-02-12 17:21:20.934] [debug]  => ID: [] (hash: 0)
[2026-02-12 17:21:20.934] [warning] Transform vectypes:sum_int64 has 1 cached stores.
[2026-02-12 17:21:20.934] [debug]  => ID: [] (hash: 0)
[2026-02-12 17:21:20.934] [warning] Transform vectypes:sum_int32 has 1 cached stores.
[2026-02-12 17:21:20.934] [debug]  => ID: [] (hash: 0)
[2026-02-12 17:21:20.934] [warning] Transform vectypes:sum_array_float64 has 1 cached stores.
[2026-02-12 17:21:20.934] [debug]  => ID: [] (hash: 0)
[2026-02-12 17:21:20.934] [warning] Transform vectypes:sum_array_float32 has 1 cached stores.
[2026-02-12 17:21:20.934] [debug]  => ID: [] (hash: 0)
[2026-02-12 17:21:20.934] [warning] Transform vectypes:pyvulong_arr_uint64_sum_uint64 has 1 cached stores.
[2026-02-12 17:21:20.934] [debug]  => ID: [] (hash: 0)
[2026-02-12 17:21:20.934] [warning] Transform vectypes:pyvulong_arr_uint64_collectify_uint64 has 1 cached stores.
[2026-02-12 17:21:20.934] [debug]  => ID: [] (hash: 0)
[2026-02-12 17:21:20.934] [warning] Transform vectypes:pyvuint_arr_uint32_sum_uint32 has 1 cached stores.
[2026-02-12 17:21:20.934] [debug]  => ID: [] (hash: 0)
[2026-02-12 17:21:20.934] [warning] Transform vectypes:pyvuint_arr_uint32_collectify_uint32 has 1 cached stores.
[2026-02-12 17:21:20.934] [debug]  => ID: [] (hash: 0)
[2026-02-12 17:21:20.934] [warning] Transform vectypes:pyvlong_arr_int64_sum_int64 has 1 cached stores.
[2026-02-12 17:21:20.934] [debug]  => ID: [] (hash: 0)
[2026-02-12 17:21:20.934] [warning] Transform vectypes:pyvlong_arr_int64_collectify_int64 has 1 cached stores.
[2026-02-12 17:21:20.934] [debug]  => ID: [] (hash: 0)
[2026-02-12 17:21:20.934] [warning] Transform vectypes:pyvint_arr_int32_sum_int32 has 1 cached stores.
[2026-02-12 17:21:20.934] [debug]  => ID: [] (hash: 0)
[2026-02-12 17:21:20.934] [warning] Transform vectypes:pyvint_arr_int32_collectify_int32 has 1 cached stores.
[2026-02-12 17:21:20.934] [debug]  => ID: [] (hash: 0)
[2026-02-12 17:21:20.934] [warning] Transform vectypes:pyvfloat_arr_float32_sum_array_float32 has 1 cached stores.
[2026-02-12 17:21:20.934] [debug]  => ID: [] (hash: 0)
[2026-02-12 17:21:20.934] [warning] Transform vectypes:pyvfloat_arr_float32_collectify_float32 has 1 cached stores.
[2026-02-12 17:21:20.934] [debug]  => ID: [] (hash: 0)
[2026-02-12 17:21:20.934] [warning] Transform vectypes:pyvdouble_arr_float64_sum_array_float64 has 1 cached stores.
[2026-02-12 17:21:20.934] [debug]  => ID: [] (hash: 0)
[2026-02-12 17:21:20.935] [warning] Transform vectypes:pyvdouble_arr_float64_collectify_float64 has 1 cached stores.
[2026-02-12 17:21:20.935] [debug]  => ID: [] (hash: 0)
[2026-02-12 17:21:20.935] [warning] Transform vectypes:pyulong_ul2_collectify_uint64 has 1 cached stores.
[2026-02-12 17:21:20.935] [debug]  => ID: [] (hash: 0)
[2026-02-12 17:21:20.935] [warning] Transform vectypes:pyulong_ul1_collectify_uint64 has 1 cached stores.
[2026-02-12 17:21:20.935] [debug]  => ID: [] (hash: 0)
[2026-02-12 17:21:20.935] [warning] Transform vectypes:pyuint_u2_collectify_uint32 has 1 cached stores.
[2026-02-12 17:21:20.935] [debug]  => ID: [] (hash: 0)
[2026-02-12 17:21:20.935] [warning] Transform vectypes:pyuint_u1_collectify_uint32 has 1 cached stores.
[2026-02-12 17:21:20.935] [debug]  => ID: [] (hash: 0)
[2026-02-12 17:21:20.935] [warning] Transform vectypes:pylong_l2_collectify_int64 has 1 cached stores.
[2026-02-12 17:21:20.935] [debug]  => ID: [] (hash: 0)
[2026-02-12 17:21:20.935] [warning] Transform vectypes:pylong_l1_collectify_int64 has 1 cached stores.
[2026-02-12 17:21:20.935] [debug]  => ID: [] (hash: 0)
[2026-02-12 17:21:20.935] [warning] Transform vectypes:pyint_j_collectify_int32 has 1 cached stores.
[2026-02-12 17:21:20.935] [debug]  => ID: [] (hash: 0)
[2026-02-12 17:21:20.935] [warning] Transform vectypes:pyint_i_collectify_int32 has 1 cached stores.
[2026-02-12 17:21:20.935] [debug]  => ID: [] (hash: 0)
[2026-02-12 17:21:20.935] [warning] Transform vectypes:pyfloat_f2_collectify_float32 has 1 cached stores.
[2026-02-12 17:21:20.935] [debug]  => ID: [] (hash: 0)
[2026-02-12 17:21:20.935] [warning] Transform vectypes:pyfloat_f1_collectify_float32 has 1 cached stores.
[2026-02-12 17:21:20.935] [debug]  => ID: [] (hash: 0)
[2026-02-12 17:21:20.935] [warning] Transform vectypes:pydouble_d2_collectify_float64 has 1 cached stores.
[2026-02-12 17:21:20.935] [debug]  => ID: [] (hash: 0)
[2026-02-12 17:21:20.935] [warning] Transform vectypes:pydouble_d1_collectify_float64 has 1 cached stores.
[2026-02-12 17:21:20.935] [debug]  => ID: [] (hash: 0)
[2026-02-12 17:21:20.935] [warning] Transform vectypes:longpy_sum_int64_sum_int64 has 1 cached stores.
[2026-02-12 17:21:20.935] [debug]  => ID: [] (hash: 0)
[2026-02-12 17:21:20.935] [warning] Transform vectypes:intpy_sum_int32_sum_int32 has 1 cached stores.
[2026-02-12 17:21:20.935] [debug]  => ID: [] (hash: 0)
[2026-02-12 17:21:20.935] [warning] Transform vectypes:floatpy_sum_float32_sum_array_float32 has 1 cached stores.
[2026-02-12 17:21:20.935] [debug]  => ID: [] (hash: 0)
[2026-02-12 17:21:20.935] [warning] Transform vectypes:doublepy_sum_float64_sum_array_float64 has 1 cached stores.
[2026-02-12 17:21:20.935] [debug]  => ID: [] (hash: 0)
[2026-02-12 17:21:20.935] [warning] Transform vectypes:collectify_uint64 has 1 cached stores.
[2026-02-12 17:21:20.935] [debug]  => ID: [] (hash: 0)
[2026-02-12 17:21:20.935] [warning] Transform vectypes:collectify_uint32 has 1 cached stores.
[2026-02-12 17:21:20.935] [debug]  => ID: [] (hash: 0)
[2026-02-12 17:21:20.935] [warning] Transform vectypes:collectify_int64 has 1 cached stores.
[2026-02-12 17:21:20.935] [debug]  => ID: [] (hash: 0)
[2026-02-12 17:21:20.935] [warning] Transform vectypes:collectify_int32 has 1 cached stores.
[2026-02-12 17:21:20.935] [debug]  => ID: [] (hash: 0)
[2026-02-12 17:21:20.935] [warning] Transform vectypes:collectify_float64 has 1 cached stores.
[2026-02-12 17:21:20.935] [debug]  => ID: [] (hash: 0)
[2026-02-12 17:21:20.935] [warning] Transform vectypes:collectify_float32 has 1 cached stores.
[2026-02-12 17:21:20.935] [debug]  => ID: [] (hash: 0)
[2026-02-12 17:21:20.935] [warning] Monitor verify_uint64:verifier_ulong has 1 cached hashes.
[2026-02-12 17:21:20.935] [debug]  => ID: 0
[2026-02-12 17:21:20.935] [warning] Monitor verify_uint32:verifier_uint has 1 cached hashes.
[2026-02-12 17:21:20.935] [debug]  => ID: 0
[2026-02-12 17:21:20.935] [warning] Monitor verify_int64:verifier_long has 1 cached hashes.
[2026-02-12 17:21:20.935] [debug]  => ID: 0
[2026-02-12 17:21:20.935] [warning] Monitor verify_int32:verifier_int has 1 cached hashes.
[2026-02-12 17:21:20.935] [debug]  => ID: 0
[2026-02-12 17:21:20.935] [warning] Monitor verify_float32:verifier_float has 1 cached hashes.
[2026-02-12 17:21:20.935] [debug]  => ID: 0
[2026-02-12 17:21:20.935] [warning] Monitor verify_double:verifier_double has 1 cached hashes.
[2026-02-12 17:21:20.935] [debug]  => ID: 0
[2026-02-12 17:21:20.936] [info] 

Seen layers:

  job
   │ 
   └ event: 10

[2026-02-12 17:21:20.936] [info] CPU time: 0.12169s  Real time: 0.11845s  CPU efficiency: 102.74%
[2026-02-12 17:21:20.936] [info] Max. RSS: 51.912 MB
<end of output>
Test time =   0.16 sec
----------------------------------------------------------
Test Passed.
"py:vectypes" end time: Feb 12 17:21 UTC
"py:vectypes" time elapsed: 00:00:00
----------------------------------------------------------

End testing: Feb 12 17:21 UTC
